# JRE version: OpenJDK Runtime Environment (8.0_152-b02) (build 1.8.0_152-release-1024-b02)
# Java VM: OpenJDK 64-Bit Server VM (25.152-b02 mixed mode windows-amd64 compressed oops)
Heap:
 PSYoungGen      total 324608K, used 89021K [0x00000000e0000000, 0x00000000f5380000, 0x0000000100000000)
  eden space 307712K, 27% used [0x00000000e0000000,0x00000000e5269940,0x00000000f2c80000)
  from space 16896K, 27% used [0x00000000f4300000,0x00000000f4785c60,0x00000000f5380000)
  to   space 19968K, 0% used [0x00000000f2c80000,0x00000000f2c80000,0x00000000f4000000)
 ParOldGen       total 122368K, used 43252K [0x00000000a0000000, 0x00000000a7780000, 0x00000000e0000000)
  object space 122368K, 35% used [0x00000000a0000000,0x00000000a2a3d110,0x00000000a7780000)
 Metaspace       used 73393K, capacity 76636K, committed 76888K, reserved 1116160K
  class space    used 9709K, capacity 10363K, committed 10368K, reserved 1048576K
GC Heap History (10 events):
Event: 66.613 GC heap before
{Heap before GC invocations=13 (full 2):
 PSYoungGen      total 240128K, used 51263K [0x00000000e0000000, 0x00000000f0300000, 0x0000000100000000)
  eden space 224256K, 15% used [0x00000000e0000000,0x00000000e22952d0,0x00000000edb00000)
  from space 15872K, 99% used [0x00000000ef000000,0x00000000eff7a940,0x00000000eff80000)
  to   space 20480K, 0% used [0x00000000edb00000,0x00000000edb00000,0x00000000eef00000)
 ParOldGen       total 84992K, used 28866K [0x00000000a0000000, 0x00000000a5300000, 0x00000000e0000000)
  object space 84992K, 33% used [0x00000000a0000000,0x00000000a1c309a0,0x00000000a5300000)
 Metaspace       used 57173K, capacity 58928K, committed 59028K, reserved 1099776K
  class space    used 7740K, capacity 8155K, committed 8192K, reserved 1048576K
Event: 66.629 GC heap after
Heap after GC invocations=13 (full 2):
 PSYoungGen      total 244736K, used 4448K [0x00000000e0000000, 0x00000000f5700000, 0x0000000100000000)
  eden space 224256K, 0% used [0x00000000e0000000,0x00000000e0000000,0x00000000edb00000)
  from space 20480K, 21% used [0x00000000edb00000,0x00000000edf58000,0x00000000eef00000)
  to   space 20480K, 0% used [0x00000000f4300000,0x00000000f4300000,0x00000000f5700000)
 ParOldGen       total 84992K, used 40490K [0x00000000a0000000, 0x00000000a5300000, 0x00000000e0000000)
  object space 84992K, 47% used [0x00000000a0000000,0x00000000a278aa30,0x00000000a5300000)
 Metaspace       used 57173K, capacity 58928K, committed 59028K, reserved 1099776K
  class space    used 7740K, capacity 8155K, committed 8192K, reserved 1048576K
}
Event: 66.629 GC heap before
{Heap before GC invocations=14 (full 3):
 PSYoungGen      total 244736K, used 4448K [0x00000000e0000000, 0x00000000f5700000, 0x0000000100000000)
  eden space 224256K, 0% used [0x00000000e0000000,0x00000000e0000000,0x00000000edb00000)
  from space 20480K, 21% used [0x00000000edb00000,0x00000000edf58000,0x00000000eef00000)
  to   space 20480K, 0% used [0x00000000f4300000,0x00000000f4300000,0x00000000f5700000)
 ParOldGen       total 84992K, used 40490K [0x00000000a0000000, 0x00000000a5300000, 0x00000000e0000000)
  object space 84992K, 47% used [0x00000000a0000000,0x00000000a278aa30,0x00000000a5300000)
 Metaspace       used 57173K, capacity 58928K, committed 59028K, reserved 1099776K
  class space    used 7740K, capacity 8155K, committed 8192K, reserved 1048576K
Event: 66.887 GC heap after
Heap after GC invocations=14 (full 3):
 PSYoungGen      total 244736K, used 0K [0x00000000e0000000, 0x00000000f5700000, 0x0000000100000000)
  eden space 224256K, 0% used [0x00000000e0000000,0x00000000e0000000,0x00000000edb00000)
  from space 20480K, 0% used [0x00000000edb00000,0x00000000edb00000,0x00000000eef00000)
  to   space 20480K, 0% used [0x00000000f4300000,0x00000000f4300000,0x00000000f5700000)
 ParOldGen       total 122368K, used 35074K [0x00000000a0000000, 0x00000000a7780000, 0x00000000e0000000)
  object space 122368K, 28% used [0x00000000a0000000,0x00000000a2240bf8,0x00000000a7780000)
 Metaspace       used 57173K, capacity 58928K, committed 59028K, reserved 1099776K
  class space    used 7740K, capacity 8155K, committed 8192K, reserved 1048576K
}
Event: 70.936 GC heap before
{Heap before GC invocations=15 (full 3):
 PSYoungGen      total 244736K, used 224142K [0x00000000e0000000, 0x00000000f5700000, 0x0000000100000000)
  eden space 224256K, 99% used [0x00000000e0000000,0x00000000edae3ac8,0x00000000edb00000)
  from space 20480K, 0% used [0x00000000edb00000,0x00000000edb00000,0x00000000eef00000)
  to   space 20480K, 0% used [0x00000000f4300000,0x00000000f4300000,0x00000000f5700000)
 ParOldGen       total 122368K, used 35074K [0x00000000a0000000, 0x00000000a7780000, 0x00000000e0000000)
  object space 122368K, 28% used [0x00000000a0000000,0x00000000a2240bf8,0x00000000a7780000)
 Metaspace       used 62217K, capacity 64178K, committed 64472K, reserved 1105920K
  class space    used 8378K, capacity 8860K, committed 8960K, reserved 1048576K
Event: 70.943 GC heap after
Heap after GC invocations=15 (full 3):
 PSYoungGen      total 324608K, used 6617K [0x00000000e0000000, 0x00000000f5380000, 0x0000000100000000)
  eden space 307712K, 0% used [0x00000000e0000000,0x00000000e0000000,0x00000000f2c80000)
  from space 16896K, 39% used [0x00000000f4300000,0x00000000f4976600,0x00000000f5380000)
  to   space 19968K, 0% used [0x00000000f2c80000,0x00000000f2c80000,0x00000000f4000000)
 ParOldGen       total 122368K, used 35082K [0x00000000a0000000, 0x00000000a7780000, 0x00000000e0000000)
  object space 122368K, 28% used [0x00000000a0000000,0x00000000a2242bf8,0x00000000a7780000)
 Metaspace       used 62217K, capacity 64178K, committed 64472K, reserved 1105920K
  class space    used 8378K, capacity 8860K, committed 8960K, reserved 1048576K
}
Event: 91.408 GC heap before
{Heap before GC invocations=16 (full 3):
 PSYoungGen      total 324608K, used 314177K [0x00000000e0000000, 0x00000000f5380000, 0x0000000100000000)
  eden space 307712K, 99% used [0x00000000e0000000,0x00000000f2c59ea0,0x00000000f2c80000)
  from space 16896K, 39% used [0x00000000f4300000,0x00000000f4976600,0x00000000f5380000)
  to   space 19968K, 0% used [0x00000000f2c80000,0x00000000f2c80000,0x00000000f4000000)
 ParOldGen       total 122368K, used 35082K [0x00000000a0000000, 0x00000000a7780000, 0x00000000e0000000)
  object space 122368K, 28% used [0x00000000a0000000,0x00000000a2242bf8,0x00000000a7780000)
 Metaspace       used 72023K, capacity 75104K, committed 75352K, reserved 1114112K
  class space    used 9595K, capacity 10243K, committed 10368K, reserved 1048576K
Event: 91.448 GC heap after
Heap after GC invocations=16 (full 3):
 PSYoungGen      total 327680K, used 12081K [0x00000000e0000000, 0x00000000f5380000, 0x0000000100000000)
  eden space 307712K, 0% used [0x00000000e0000000,0x00000000e0000000,0x00000000f2c80000)
  from space 19968K, 60% used [0x00000000f2c80000,0x00000000f384c620,0x00000000f4000000)
  to   space 16896K, 0% used [0x00000000f4300000,0x00000000f4300000,0x00000000f5380000)
 ParOldGen       total 122368K, used 40338K [0x00000000a0000000, 0x00000000a7780000, 0x00000000e0000000)
  object space 122368K, 32% used [0x00000000a0000000,0x00000000a2764ae0,0x00000000a7780000)
 Metaspace       used 72023K, capacity 75104K, committed 75352K, reserved 1114112K
  class space    used 9595K, capacity 10243K, committed 10368K, reserved 1048576K
}
Event: 97.948 GC heap before
{Heap before GC invocations=17 (full 3):
 PSYoungGen      total 327680K, used 319793K [0x00000000e0000000, 0x00000000f5380000, 0x0000000100000000)
  eden space 307712K, 100% used [0x00000000e0000000,0x00000000f2c80000,0x00000000f2c80000)
  from space 19968K, 60% used [0x00000000f2c80000,0x00000000f384c620,0x00000000f4000000)
  to   space 16896K, 0% used [0x00000000f4300000,0x00000000f4300000,0x00000000f5380000)
 ParOldGen       total 122368K, used 40338K [0x00000000a0000000, 0x00000000a7780000, 0x00000000e0000000)
  object space 122368K, 32% used [0x00000000a0000000,0x00000000a2764ae0,0x00000000a7780000)
 Metaspace       used 73379K, capacity 76572K, committed 76632K, reserved 1116160K
  class space    used 9709K, capacity 10363K, committed 10368K, reserved 1048576K
Event: 97.960 GC heap after
Heap after GC invocations=17 (full 3):
 PSYoungGen      total 324608K, used 4631K [0x00000000e0000000, 0x00000000f5380000, 0x0000000100000000)
  eden space 307712K, 0% used [0x00000000e0000000,0x00000000e0000000,0x00000000f2c80000)
  from space 16896K, 27% used [0x00000000f4300000,0x00000000f4785c60,0x00000000f5380000)
  to   space 19968K, 0% used [0x00000000f2c80000,0x00000000f2c80000,0x00000000f4000000)
 ParOldGen       total 122368K, used 43252K [0x00000000a0000000, 0x00000000a7780000, 0x00000000e0000000)
  object space 122368K, 35% used [0x00000000a0000000,0x00000000a2a3d110,0x00000000a7780000)
 Metaspace       used 73379K, capacity 76572K, committed 76632K, reserved 1116160K
  class space    used 9709K, capacity 10363K, committed 10368K, reserved 1048576K
}

